{
  "RSpec": {
    "coverage": {
      "/Users/ayaremchuk/Projects/DA/coding_jam/task_managing_system/backend/app/models/email_verification_token.rb": {
        "lines": [
          null,
          null,
          null,
          null,
          null,
          1,
          1,
          null,
          1,
          null,
          1,
          null,
          31,
          14,
          null,
          null,
          null,
          1,
          17,
          17,
          null,
          17,
          17,
          null,
          null,
          null,
          null,
          17,
          17,
          null,
          null,
          null,
          null,
          1,
          11,
          null,
          10,
          null,
          null,
          1,
          27,
          null,
          null,
          1,
          2,
          null,
          null,
          1,
          2,
          null,
          null,
          1,
          4,
          null,
          null
        ],
        "branches": {
          "[:if, 0, 35, 4, 35, 30]": {
            "[:then, 1, 35, 4, 35, 10]": 1,
            "[:else, 2, 35, 4, 35, 30]": 10
          }
        }
      },
      "/Users/ayaremchuk/Projects/DA/coding_jam/task_managing_system/backend/app/models/application_record.rb": {
        "lines": [
          null,
          null,
          1,
          1,
          null
        ],
        "branches": {}
      },
      "/Users/ayaremchuk/Projects/DA/coding_jam/task_managing_system/backend/app/models/session.rb": {
        "lines": [
          null,
          null,
          null,
          null,
          null,
          null,
          1,
          1,
          null,
          null,
          null,
          1,
          null,
          null,
          1,
          7,
          7,
          null,
          null,
          null,
          null,
          null,
          7,
          7,
          null,
          null,
          null,
          null,
          1,
          8,
          null,
          6,
          6,
          null,
          5,
          5,
          5,
          null,
          null,
          1,
          12,
          null,
          null
        ],
        "branches": {
          "[:if, 0, 30, 4, 30, 43]": {
            "[:then, 1, 30, 4, 30, 10]": 2,
            "[:else, 2, 30, 4, 30, 43]": 6
          },
          "[:unless, 3, 33, 4, 33, 25]": {
            "[:else, 4, 33, 4, 33, 25]": 5,
            "[:then, 5, 33, 4, 33, 10]": 1
          },
          "[:if, 6, 37, 4, 37, 76]": {
            "[:then, 7, 37, 4, 37, 11]": 4,
            "[:else, 8, 37, 4, 37, 76]": 1
          }
        }
      },
      "/Users/ayaremchuk/Projects/DA/coding_jam/task_managing_system/backend/app/models/user.rb": {
        "lines": [
          null,
          null,
          null,
          null,
          null,
          1,
          1,
          null,
          1,
          1,
          null,
          null,
          null,
          1,
          null,
          1,
          null,
          null,
          null,
          null,
          1,
          null,
          null,
          1,
          null,
          null,
          1,
          null,
          null,
          null,
          1,
          43,
          43,
          null,
          null,
          null,
          1,
          9,
          null,
          8,
          null,
          0,
          null,
          null,
          1,
          16,
          null,
          null,
          1,
          3,
          null,
          null,
          1,
          null,
          1,
          53,
          null,
          null,
          1,
          53,
          null,
          51,
          5,
          null,
          null,
          null
        ],
        "branches": {
          "[:if, 0, 33, 27, 33, 76]": {
            "[:then, 1, 33, 42, 33, 70]": 43,
            "[:else, 2, 33, 73, 33, 76]": 0
          },
          "[:if, 3, 38, 4, 38, 42]": {
            "[:then, 4, 38, 4, 38, 16]": 1,
            "[:else, 5, 38, 4, 38, 42]": 8
          },
          "[:if, 6, 56, 4, 56, 60]": {
            "[:then, 7, 56, 4, 56, 42]": 52,
            "[:else, 8, 56, 4, 56, 60]": 1
          },
          "[:if, 9, 60, 4, 60, 28]": {
            "[:then, 10, 60, 4, 60, 10]": 2,
            "[:else, 11, 60, 4, 60, 28]": 51
          },
          "[:if, 12, 62, 4, 64, 7]": {
            "[:then, 13, 63, 6, 63, 81]": 5,
            "[:else, 14, 62, 4, 64, 7]": 46
          }
        }
      },
      "/Users/ayaremchuk/Projects/DA/coding_jam/task_managing_system/backend/app/services/signup_service.rb": {
        "lines": [
          null,
          null,
          null,
          null,
          null,
          1,
          1,
          null,
          1,
          10,
          null,
          null,
          1,
          10,
          10,
          null,
          null,
          1,
          10,
          null,
          null,
          null,
          10,
          2,
          null,
          null,
          8,
          null,
          4,
          4,
          null,
          4,
          null,
          null,
          1,
          null,
          null,
          1,
          null,
          1,
          5,
          null,
          null
        ],
        "branches": {
          "[:if, 0, 23, 4, 25, 7]": {
            "[:then, 1, 24, 6, 24, 81]": 2,
            "[:else, 2, 23, 4, 25, 7]": 8
          },
          "[:unless, 3, 27, 4, 27, 101]": {
            "[:else, 4, 27, 4, 27, 101]": 4,
            "[:then, 5, 27, 4, 27, 84]": 3
          }
        }
      },
      "/Users/ayaremchuk/Projects/DA/coding_jam/task_managing_system/backend/app/controllers/api/registrations_controller.rb": {
        "lines": [
          null,
          null,
          1,
          null,
          null,
          1,
          1,
          null,
          1,
          6,
          null,
          null,
          null,
          null,
          6,
          3,
          3,
          1,
          null,
          null,
          null,
          null,
          null,
          2,
          null,
          null,
          null,
          null
        ],
        "branches": {
          "[:if, 0, 15, 6, 25, 9]": {
            "[:then, 1, 16, 8, 16, 79]": 3,
            "[:else, 2, 17, 6, 25, 9]": 3
          },
          "[:if, 3, 17, 6, 25, 9]": {
            "[:then, 4, 18, 8, 22, 9]": 1,
            "[:else, 5, 24, 8, 24, 47]": 2
          }
        }
      },
      "/Users/ayaremchuk/Projects/DA/coding_jam/task_managing_system/backend/app/controllers/application_controller.rb": {
        "lines": [
          null,
          null,
          null,
          null,
          null,
          null,
          1,
          1,
          1,
          1,
          1,
          null
        ],
        "branches": {}
      },
      "/Users/ayaremchuk/Projects/DA/coding_jam/task_managing_system/backend/app/controllers/concerns/error_rendering.rb": {
        "lines": [
          null,
          null,
          null,
          null,
          null,
          null,
          1,
          1,
          null,
          1,
          1,
          0,
          null,
          null,
          1,
          0,
          null,
          null,
          null,
          1,
          null,
          1,
          17,
          17,
          17,
          null,
          null,
          null,
          1,
          2,
          null,
          null,
          null,
          null,
          null,
          null,
          null
        ],
        "branches": {
          "[:if, 0, 24, 4, 24, 51]": {
            "[:then, 1, 24, 4, 24, 31]": 2,
            "[:else, 2, 24, 4, 24, 51]": 15
          }
        }
      },
      "/Users/ayaremchuk/Projects/DA/coding_jam/task_managing_system/backend/app/controllers/concerns/request_forgery_protection.rb": {
        "lines": [
          null,
          null,
          null,
          null,
          null,
          null,
          null,
          null,
          null,
          null,
          null,
          null,
          null,
          null,
          null,
          null,
          null,
          null,
          null,
          null,
          null,
          1,
          1,
          null,
          1,
          1,
          1,
          null,
          1,
          1,
          1,
          null,
          null,
          1,
          null,
          1,
          116,
          null,
          null,
          null,
          null,
          1,
          28,
          28,
          28,
          56,
          null,
          null,
          1,
          56,
          null,
          56,
          56,
          null,
          56,
          56,
          56,
          56,
          null,
          0,
          null,
          null,
          1,
          59,
          null,
          28,
          28,
          28,
          null,
          null,
          null,
          28,
          null,
          28,
          2,
          null,
          null,
          null,
          null,
          null,
          null,
          null,
          1,
          2,
          2,
          null,
          null,
          1,
          57,
          null,
          26,
          26,
          null,
          26,
          null,
          2,
          null,
          null,
          null,
          null,
          null,
          null,
          null,
          null,
          null,
          null,
          1,
          27,
          27,
          null,
          null,
          null,
          null,
          null,
          null,
          27,
          null,
          null
        ],
        "branches": {
          "[:if, 0, 44, 4, 44, 66]": {
            "[:then, 1, 44, 4, 44, 34]": 28,
            "[:else, 2, 44, 4, 44, 66]": 0
          },
          "[:if, 3, 50, 4, 50, 26]": {
            "[:then, 4, 50, 4, 50, 10]": 0,
            "[:else, 5, 50, 4, 50, 26]": 56
          },
          "[:if, 6, 53, 4, 53, 46]": {
            "[:then, 7, 53, 4, 53, 10]": 0,
            "[:else, 8, 53, 4, 53, 46]": 56
          },
          "[:if, 9, 56, 15, 56, 47]": {
            "[:then, 10, 56, 39, 56, 42]": 0,
            "[:else, 11, 56, 45, 56, 47]": 56
          },
          "[:if, 12, 57, 4, 57, 33]": {
            "[:then, 13, 57, 4, 57, 14]": 1,
            "[:else, 14, 57, 4, 57, 33]": 55
          },
          "[:if, 15, 58, 4, 58, 80]": {
            "[:then, 16, 58, 11, 58, 48]": 55,
            "[:else, 17, 58, 51, 58, 80]": 1
          },
          "[:unless, 18, 64, 4, 64, 41]": {
            "[:else, 19, 64, 4, 64, 41]": 28,
            "[:then, 20, 64, 4, 64, 10]": 31
          },
          "[:if, 21, 72, 4, 72, 28]": {
            "[:then, 22, 72, 4, 72, 10]": 0,
            "[:else, 23, 72, 4, 72, 28]": 28
          },
          "[:if, 24, 74, 4, 80, 7]": {
            "[:then, 25, 75, 6, 79, 7]": 2,
            "[:else, 26, 74, 4, 80, 7]": 26
          },
          "[:if, 27, 85, 4, 85, 40]": {
            "[:then, 28, 85, 4, 85, 29]": 1,
            "[:else, 29, 85, 4, 85, 40]": 1
          },
          "[:unless, 30, 89, 4, 89, 41]": {
            "[:else, 31, 89, 4, 89, 41]": 26,
            "[:then, 32, 89, 4, 89, 10]": 31
          },
          "[:unless, 33, 94, 4, 101, 7]": {
            "[:else, 34, 94, 4, 101, 7]": 24,
            "[:then, 35, 96, 6, 100, 7]": 2
          }
        }
      },
      "/Users/ayaremchuk/Projects/DA/coding_jam/task_managing_system/backend/app/controllers/concerns/authentication.rb": {
        "lines": [
          null,
          null,
          null,
          null,
          null,
          null,
          null,
          null,
          null,
          null,
          null,
          1,
          1,
          null,
          1,
          null,
          1,
          1,
          null,
          null,
          1,
          null,
          1,
          5,
          null,
          null,
          null,
          1,
          null,
          1,
          5,
          5,
          null,
          3,
          null,
          3,
          1,
          null,
          null,
          null,
          null,
          null,
          null,
          2,
          null,
          null,
          1,
          5,
          5,
          null,
          3,
          null,
          null,
          null,
          null,
          null,
          1,
          2,
          null,
          null,
          null,
          null,
          null,
          null,
          null,
          1,
          4,
          null,
          null,
          null,
          null,
          4,
          null,
          null,
          null,
          null,
          null,
          null,
          4,
          null,
          null,
          null,
          1,
          1,
          1,
          1,
          null,
          null
        ],
        "branches": {
          "[:unless, 0, 32, 4, 32, 49]": {
            "[:else, 1, 32, 4, 32, 49]": 3,
            "[:then, 2, 32, 4, 32, 34]": 2
          },
          "[:unless, 3, 36, 4, 42, 7]": {
            "[:else, 4, 36, 4, 42, 7]": 2,
            "[:then, 5, 37, 6, 41, 7]": 1
          },
          "[:unless, 6, 49, 4, 49, 34]": {
            "[:else, 7, 49, 4, 49, 34]": 3,
            "[:then, 8, 49, 4, 49, 10]": 2
          },
          "[:\"&.\", 9, 84, 4, 84, 28]": {
            "[:then, 10, 84, 4, 84, 28]": 1,
            "[:else, 11, 84, 4, 84, 28]": 0
          }
        }
      },
      "/Users/ayaremchuk/Projects/DA/coding_jam/task_managing_system/backend/app/controllers/api/csrf_controller.rb": {
        "lines": [
          null,
          null,
          1,
          null,
          null,
          null,
          null,
          1,
          1,
          null,
          1,
          27,
          null,
          null,
          null
        ],
        "branches": {}
      },
      "/Users/ayaremchuk/Projects/DA/coding_jam/task_managing_system/backend/app/mailers/user_mailer.rb": {
        "lines": [
          null,
          null,
          null,
          null,
          null,
          1,
          1,
          5,
          5,
          null,
          5,
          null,
          null,
          1,
          null,
          1,
          5,
          null,
          null
        ],
        "branches": {}
      },
      "/Users/ayaremchuk/Projects/DA/coding_jam/task_managing_system/backend/app/controllers/api/health_controller.rb": {
        "lines": [
          null,
          null,
          1,
          null,
          null,
          1,
          1,
          null,
          1,
          null,
          null,
          1,
          1,
          null,
          0,
          null,
          null,
          1,
          null,
          1,
          null,
          1,
          null,
          null,
          1,
          null,
          null,
          null,
          null
        ],
        "branches": {
          "[:if, 0, 20, 18, 20, 43]": {
            "[:then, 1, 20, 26, 20, 30]": 1,
            "[:else, 2, 20, 33, 20, 43]": 0
          },
          "[:if, 3, 22, 20, 22, 41]": {
            "[:then, 4, 22, 28, 22, 32]": 1,
            "[:else, 5, 22, 35, 22, 41]": 0
          },
          "[:if, 6, 25, 16, 25, 50]": {
            "[:then, 7, 25, 24, 25, 27]": 1,
            "[:else, 8, 25, 30, 25, 50]": 0
          }
        }
      },
      "/Users/ayaremchuk/Projects/DA/coding_jam/task_managing_system/backend/app/controllers/api/sessions_controller.rb": {
        "lines": [
          null,
          null,
          1,
          null,
          null,
          null,
          1,
          1,
          null,
          1,
          7,
          null,
          7,
          2,
          null,
          null,
          null,
          null,
          null,
          null,
          5,
          1,
          null,
          null,
          null,
          null,
          null,
          null,
          4,
          4,
          null,
          null,
          1,
          1,
          1,
          null,
          null,
          null
        ],
        "branches": {
          "[:\"&.\", 0, 13, 13, 13, 55]": {
            "[:then, 1, 13, 13, 13, 55]": 6,
            "[:else, 2, 13, 13, 13, 55]": 1
          },
          "[:unless, 3, 13, 6, 19, 9]": {
            "[:else, 4, 13, 6, 19, 9]": 5,
            "[:then, 5, 14, 8, 18, 9]": 2
          },
          "[:unless, 6, 21, 6, 27, 9]": {
            "[:else, 7, 21, 6, 27, 9]": 4,
            "[:then, 8, 22, 8, 26, 9]": 1
          }
        }
      },
      "/Users/ayaremchuk/Projects/DA/coding_jam/task_managing_system/backend/app/serializers/user_serializer.rb": {
        "lines": [
          null,
          null,
          null,
          null,
          1,
          1,
          null,
          1,
          5,
          null,
          null
        ],
        "branches": {}
      },
      "/Users/ayaremchuk/Projects/DA/coding_jam/task_managing_system/backend/app/models/current.rb": {
        "lines": [
          null,
          null,
          null,
          null,
          1,
          1,
          null,
          null,
          1,
          1,
          null,
          null
        ],
        "branches": {
          "[:\"&.\", 0, 10, 4, 10, 17]": {
            "[:then, 1, 10, 4, 10, 17]": 1,
            "[:else, 2, 10, 4, 10, 17]": 0
          }
        }
      },
      "/Users/ayaremchuk/Projects/DA/coding_jam/task_managing_system/backend/app/controllers/api/current_user_controller.rb": {
        "lines": [
          null,
          null,
          1,
          null,
          null,
          null,
          1,
          1,
          1,
          null,
          null,
          null
        ],
        "branches": {}
      },
      "/Users/ayaremchuk/Projects/DA/coding_jam/task_managing_system/backend/app/controllers/api/email_verifications_controller.rb": {
        "lines": [
          null,
          null,
          1,
          null,
          null,
          null,
          null,
          1,
          1,
          null,
          1,
          6,
          null,
          6,
          1,
          null,
          null,
          null,
          null,
          null,
          null,
          5,
          null,
          5,
          3,
          null,
          null,
          null,
          null,
          null,
          null,
          2,
          2,
          2,
          null,
          null,
          2,
          null,
          null,
          1,
          3,
          null,
          null,
          null,
          3,
          1,
          1,
          null,
          null,
          3,
          null,
          null,
          null,
          null,
          null,
          null,
          null,
          null
        ],
        "branches": {
          "[:if, 0, 14, 6, 20, 9]": {
            "[:then, 1, 15, 8, 19, 9]": 1,
            "[:else, 2, 14, 6, 20, 9]": 5
          },
          "[:unless, 3, 24, 6, 30, 9]": {
            "[:else, 4, 24, 6, 30, 9]": 2,
            "[:then, 5, 25, 8, 29, 9]": 3
          },
          "[:if, 6, 45, 6, 48, 9]": {
            "[:then, 7, 46, 8, 47, 74]": 1,
            "[:else, 8, 45, 6, 48, 9]": 2
          }
        }
      }
    },
    "timestamp": 1783345538
  }
}
